{"processed":3,"labeled":3,"replied":3,"errors":[]}{"processed":3,"labeled":3,"replied":3,"errors":[]}{"processed":0,"labeled":0,"replied":0,"errors":[]}{"processed":0,"labeled":0,"replied":0,"errors":[]}{"processed":0,"labeled":0,"replied":0,"errors":[]}{"processed":0,"labeled":0,"replied":0,"errors":[]}{"processed":0,"labeled":0,"replied":0,"errors":[]}{"processed":0,"labeled":0,"replied":0,"errors":[]}{"processed":0,"labeled":0,"replied":0,"errors":[]}{"processed":0,"labeled":0,"replied":0,"errors":[]}{"processed":0,"labeled":0,"replied":0,"errors":[]}{"processed":0,"labeled":0,"replied":0,"errors":[]}{"processed":0,"labeled":0,"replied":0,"errors":[]}{"processed":0,"labeled":0,"replied":0,"errors":[]}{"processed":0,"labeled":0,"replied":0,"errors":[]}{"processed":0,"labeled":0,"replied":0,"errors":[]}{"processed":0,"labeled":0,"replied":0,"errors":[]}{"processed":0,"labeled":0,"replied":0,"errors":[]}{"processed":0,"labeled":0,"replied":0,"errors":[]}{"processed":0,"labeled":0,"replied":0,"errors":[]}{"processed":0,"labeled":0,"replied":0,"errors":[]}{"processed":0,"labeled":0,"replied":0,"errors":[]}{"processed":0,"labeled":0,"replied":0,"errors":[]}{"processed":0,"labeled":0,"replied":0,"errors":[]}{"processed":0,"labeled":0,"replied":0,"errors":[]}{"processed":0,"labeled":0,"replied":0,"errors":[]}{"processed":0,"labeled":0,"replied":0,"errors":[]}{"processed":0,"labeled":0,"replied":0,"errors":[]}{"processed":0,"labeled":0,"replied":0,"errors":[]}{"processed":0,"labeled":0,"replied":0,"errors":[]}{"processed":0,"labeled":0,"replied":0,"errors":[]}{"processed":0,"labeled":0,"replied":0,"errors":[]}{"processed":0,"labeled":0,"replied":0,"errors":[]}{"processed":0,"labeled":0,"replied":0,"errors":[]}{"processed":0,"labeled":0,"replied":0,"errors":[]}{"processed":0,"labeled":0,"replied":0,"errors":[]}{"processed":0,"labeled":0,"replied":0,"errors":[]}{"processed":0,"labeled":0,"replied":0,"errors":[]}{"processed":0,"labeled":0,"replied":0,"errors":[]}{"processed":0,"labeled":0,"replied":0,"errors":[]}{"processed":0,"labeled":0,"replied":0,"errors":[]}{"processed":0,"labeled":0,"replied":0,"errors":[]}{"processed":0,"labeled":0,"replied":0,"errors":[]}{"processed":0,"labeled":0,"replied":0,"errors":[]}{"processed":0,"labeled":0,"replied":0,"errors":[]}{"processed":0,"labeled":0,"replied":0,"errors":[]}{"processed":0,"labeled":0,"replied":0,"errors":[]}{"processed":0,"labeled":0,"replied":0,"errors":[]}{"processed":0,"labeled":0,"replied":0,"errors":[]}{"processed":0,"labeled":0,"replied":0,"errors":[]}{"processed":0,"labeled":0,"replied":0,"errors":[]}{"processed":0,"labeled":0,"replied":0,"errors":[]}{"processed":0,"labeled":0,"replied":0,"errors":[]}{"processed":0,"labeled":0,"replied":0,"errors":[]}{"processed":0,"labeled":0,"replied":0,"errors":[]}{"processed":0,"labeled":0,"replied":0,"errors":[]}{"processed":0,"labeled":0,"replied":0,"errors":[]}{"processed":0,"labeled":0,"replied":0,"errors":[]}{"processed":0,"labeled":0,"replied":0,"errors":[]}{"processed":0,"labeled":0,"replied":0,"errors":[]}{"processed":0,"labeled":0,"replied":0,"errors":[]}{"processed":0,"labeled":0,"replied":0,"errors":[]}{"processed":0,"labeled":0,"replied":0,"errors":[]}{"processed":0,"labeled":0,"replied":0,"errors":[]}{"processed":0,"labeled":0,"replied":0,"errors":[]}{"processed":0,"labeled":0,"replied":0,"errors":[]}{"processed":0,"labeled":0,"replied":0,"errors":[]}{"processed":0,"labeled":0,"replied":0,"errors":[]}{"processed":0,"labeled":0,"replied":0,"errors":[]}{"processed":0,"labeled":0,"replied":0,"errors":[]}{"processed":0,"labeled":0,"replied":0,"errors":[]}{"processed":0,"labeled":0,"replied":0,"errors":[]}{"processed":0,"labeled":0,"replied":0,"errors":[]}{"processed":0,"labeled":0,"replied":0,"errors":[]}{"processed":0,"labeled":0,"replied":0,"errors":[]}{"processed":0,"labeled":0,"replied":0,"errors":[]}{"processed":0,"labeled":0,"replied":0,"errors":[]}{"processed":0,"labeled":0,"replied":0,"errors":[]}{"processed":0,"labeled":0,"replied":0,"errors":[]}{"processed":0,"labeled":0,"replied":0,"errors":[]}{"processed":0,"labeled":0,"replied":0,"errors":[]}{"processed":0,"labeled":0,"replied":0,"errors":[]}{"processed":0,"labeled":0,"replied":0,"errors":[]}{"processed":0,"labeled":0,"replied":0,"errors":[]}{"processed":0,"labeled":0,"replied":0,"errors":[]}{"processed":0,"labeled":0,"replied":0,"errors":[]}{"processed":0,"labeled":0,"replied":0,"errors":[]}{"processed":0,"labeled":0,"replied":0,"errors":[]}{"processed":0,"labeled":0,"replied":0,"errors":[]}{"processed":0,"labeled":0,"replied":0,"errors":[]}{"processed":0,"labeled":0,"replied":0,"errors":[]}{"processed":0,"labeled":0,"replied":0,"errors":[]}{"processed":0,"labeled":0,"replied":0,"errors":[]}{"processed":0,"labeled":0,"replied":0,"errors":[]}{"processed":0,"labeled":0,"replied":0,"errors":[]}{"processed":0,"labeled":0,"replied":0,"errors":[]}{"processed":0,"labeled":0,"replied":0,"errors":[]}{"processed":0,"labeled":0,"replied":0,"errors":[]}{"processed":0,"labeled":0,"replied":0,"errors":[]}{"processed":0,"labeled":0,"replied":0,"errors":[]}{"processed":0,"labeled":0,"replied":0,"errors":[]}{"processed":0,"labeled":0,"replied":0,"errors":[]}{"processed":0,"labeled":0,"replied":0,"errors":[]}{"processed":0,"labeled":0,"replied":0,"errors":[]}{"processed":0,"labeled":0,"replied":0,"errors":[]}{"processed":0,"labeled":0,"replied":0,"errors":[]}{"processed":0,"labeled":0,"replied":0,"errors":[]}{"processed":0,"labeled":0,"replied":0,"errors":[]}{"processed":0,"labeled":0,"replied":0,"errors":[]}{"processed":0,"labeled":0,"replied":0,"errors":[]}{"processed":0,"labeled":0,"replied":0,"errors":[]}{"processed":0,"labeled":0,"replied":0,"errors":[]}{"processed":0,"labeled":0,"replied":0,"errors":[]}{"processed":0,"labeled":0,"replied":0,"errors":[]}{"processed":0,"labeled":0,"replied":0,"errors":[]}{"processed":0,"labeled":0,"replied":0,"errors":[]}{"processed":0,"labeled":0,"replied":0,"errors":[]}{"processed":0,"labeled":0,"replied":0,"errors":[]}{"processed":0,"labeled":0,"replied":0,"errors":[]}{"processed":0,"labeled":0,"replied":0,"errors":[]}{"processed":0,"labeled":0,"replied":0,"errors":[]}{"processed":0,"labeled":0,"replied":0,"errors":[]}{"processed":0,"labeled":0,"replied":0,"errors":[]}{"processed":0,"labeled":0,"replied":0,"errors":[]}{"processed":0,"labeled":0,"replied":0,"errors":[]}{"processed":0,"labeled":0,"replied":0,"errors":[]}Running mailbot at Sat Oct 11 19:35:25 CDT 2025
{"processed":0,"labeled":0,"replied":0,"errors":[]}
Running mailbot at Sat Oct 11 19:37:26 CDT 2025
{"processed":0,"labeled":0,"replied":0,"errors":[]}
Sat Oct 11 19:39:03 CDT 2025: Active hours — running MailBot cycle
{"processed":0,"labeled":0,"replied":0,"errors":[]}
Running mailbot at Sat Oct 11 19:39:27 CDT 2025
{"processed":0,"labeled":0,"replied":0,"errors":[]}
Sat Oct 11 19:41:04 CDT 2025: Active hours — running MailBot cycle
{"processed":0,"labeled":0,"replied":0,"errors":[]}
Running mailbot at Sat Oct 11 19:41:28 CDT 2025
{"processed":0,"labeled":0,"replied":0,"errors":[]}
Sat Oct 11 19:43:05 CDT 2025: Active hours — running MailBot cycle
{"processed":0,"labeled":0,"replied":0,"errors":[]}
Running mailbot at Sat Oct 11 19:43:29 CDT 2025
{"processed":0,"labeled":0,"replied":0,"errors":[]}
Sat Oct 11 19:45:06 CDT 2025: Active hours — running MailBot cycle
{"processed":0,"labeled":0,"replied":0,"errors":[]}
Running mailbot at Sat Oct 11 19:45:30 CDT 2025
{"processed":0,"labeled":0,"replied":0,"errors":[]}
Sat Oct 11 19:47:07 CDT 2025: Active hours — running MailBot cycle
{"processed":0,"labeled":0,"replied":0,"errors":[]}
Running mailbot at Sat Oct 11 19:47:31 CDT 2025
{"processed":0,"labeled":0,"replied":0,"errors":[]}
Sat Oct 11 19:49:08 CDT 2025: Active hours — running MailBot cycle
{"processed":0,"labeled":0,"replied":0,"errors":[]}
Running mailbot at Sat Oct 11 19:49:32 CDT 2025
{"processed":0,"labeled":0,"replied":0,"errors":[]}
Sat Oct 11 19:51:09 CDT 2025: Active hours — running MailBot cycle
{"processed":0,"labeled":0,"replied":0,"errors":[]}
Running mailbot at Sat Oct 11 19:51:33 CDT 2025
{"processed":0,"labeled":0,"replied":0,"errors":[]}
Sat Oct 11 19:53:11 CDT 2025: Active hours — running MailBot cycle
{"processed":0,"labeled":0,"replied":0,"errors":[]}
Running mailbot at Sat Oct 11 19:53:33 CDT 2025
{"processed":0,"labeled":0,"replied":0,"errors":[]}
Sat Oct 11 19:58:03 CDT 2025: Active hours — running MailBot cycle
{"processed":0,"labeled":0,"replied":0,"errors":[]}
Running mailbot at Sat Oct 11 19:58:26 CDT 2025
{"processed":0,"labeled":0,"replied":0,"errors":[]}
Sat Oct 11 20:00:04 CDT 2025: Active hours — running MailBot cycle
{"processed":0,"labeled":0,"replied":0,"errors":[]}
Running mailbot at Sat Oct 11 20:00:27 CDT 2025
{"processed":0,"labeled":0,"replied":0,"errors":[]}
Sat Oct 11 20:02:05 CDT 2025: Active hours — running MailBot cycle
{"processed":0,"labeled":0,"replied":0,"errors":[]}
Running mailbot at Sat Oct 11 20:02:27 CDT 2025
{"processed":0,"labeled":0,"replied":0,"errors":[]}
Sat Oct 11 20:04:06 CDT 2025: Active hours — running MailBot cycle
{"processed":0,"labeled":0,"replied":0,"errors":[]}
Running mailbot at Sat Oct 11 20:04:28 CDT 2025
{"processed":0,"labeled":0,"replied":0,"errors":[]}
Sat Oct 11 20:06:06 CDT 2025: Active hours — running MailBot cycle
{"processed":0,"labeled":0,"replied":0,"errors":[]}
Running mailbot at Sat Oct 11 20:06:29 CDT 2025
{"processed":0,"labeled":0,"replied":0,"errors":[]}
Sat Oct 11 20:08:07 CDT 2025: Active hours — running MailBot cycle
{"processed":0,"labeled":0,"replied":0,"errors":[]}
Running mailbot at Sat Oct 11 20:08:30 CDT 2025
{"processed":0,"labeled":0,"replied":0,"errors":[]}
Sat Oct 11 20:10:08 CDT 2025: Active hours — running MailBot cycle
{"processed":0,"labeled":0,"replied":0,"errors":[]}
Running mailbot at Sat Oct 11 20:10:30 CDT 2025
{"processed":0,"labeled":0,"replied":0,"errors":[]}
Sat Oct 11 20:12:09 CDT 2025: Active hours — running MailBot cycle
{"processed":0,"labeled":0,"replied":0,"errors":[]}
Running mailbot at Sat Oct 11 20:12:31 CDT 2025
{"processed":0,"labeled":0,"replied":0,"errors":[]}
Sat Oct 11 20:14:10 CDT 2025: Active hours — running MailBot cycle
{"processed":0,"labeled":0,"replied":0,"errors":[]}
Running mailbot at Sat Oct 11 20:14:32 CDT 2025
{"processed":0,"labeled":0,"replied":0,"errors":[]}
Sat Oct 11 20:16:11 CDT 2025: Active hours — running MailBot cycle
{"processed":0,"labeled":0,"replied":0,"errors":[]}
Running mailbot at Sat Oct 11 20:16:33 CDT 2025
{"processed":0,"labeled":0,"replied":0,"errors":[]}
Sat Oct 11 20:18:11 CDT 2025: Active hours — running MailBot cycle
{"processed":0,"labeled":0,"replied":0,"errors":[]}
Running mailbot at Sat Oct 11 20:18:33 CDT 2025
{"processed":0,"labeled":0,"replied":0,"errors":[]}
Sat Oct 11 20:20:12 CDT 2025: Active hours — running MailBot cycle
{"processed":0,"labeled":0,"replied":0,"errors":[]}
Running mailbot at Sat Oct 11 20:20:34 CDT 2025
{"processed":0,"labeled":0,"replied":0,"errors":[]}
Sat Oct 11 20:22:15 CDT 2025: Active hours — running MailBot cycle
{"processed":0,"labeled":0,"replied":0,"errors":[]}
Running mailbot at Sat Oct 11 20:22:35 CDT 2025
{"processed":0,"labeled":0,"replied":0,"errors":[]}
Sat Oct 11 20:24:19 CDT 2025: Active hours — running MailBot cycle
{"processed":0,"labeled":0,"replied":0,"errors":[]}
Running mailbot at Sat Oct 11 20:24:38 CDT 2025
{"processed":0,"labeled":0,"replied":0,"errors":[]}
Sat Oct 11 20:26:20 CDT 2025: Active hours — running MailBot cycle
{"processed":0,"labeled":0,"replied":0,"errors":[]}
Running mailbot at Sat Oct 11 20:26:40 CDT 2025
{"processed":0,"labeled":0,"replied":0,"errors":[]}
Sat Oct 11 20:28:22 CDT 2025: Active hours — running MailBot cycle
{"processed":0,"labeled":0,"replied":0,"errors":[]}
Running mailbot at Sat Oct 11 20:28:42 CDT 2025
{"processed":0,"labeled":0,"replied":0,"errors":[]}
Sat Oct 11 20:30:25 CDT 2025: Active hours — running MailBot cycle
{"processed":0,"labeled":0,"replied":0,"errors":[]}
Running mailbot at Sat Oct 11 20:30:45 CDT 2025
{"processed":0,"labeled":0,"replied":0,"errors":[]}
Sat Oct 11 20:32:26 CDT 2025: Active hours — running MailBot cycle
{"processed":0,"labeled":0,"replied":0,"errors":[]}
Running mailbot at Sat Oct 11 20:32:46 CDT 2025
{"processed":0,"labeled":0,"replied":0,"errors":[]}
Sat Oct 11 20:34:29 CDT 2025: Active hours — running MailBot cycle
{"processed":0,"labeled":0,"replied":0,"errors":[]}
Running mailbot at Sat Oct 11 20:34:47 CDT 2025
{"processed":0,"labeled":0,"replied":0,"errors":[]}
Sat Oct 11 20:36:30 CDT 2025: Active hours — running MailBot cycle
{"processed":0,"labeled":0,"replied":0,"errors":[]}
Running mailbot at Sat Oct 11 20:36:49 CDT 2025
{"processed":0,"labeled":0,"replied":0,"errors":[]}
Sat Oct 11 20:38:33 CDT 2025: Active hours — running MailBot cycle
{"processed":0,"labeled":0,"replied":0,"errors":[]}
Running mailbot at Sat Oct 11 20:38:50 CDT 2025
{"processed":0,"labeled":0,"replied":0,"errors":[]}
Sat Oct 11 20:40:35 CDT 2025: Active hours — running MailBot cycle
{"processed":0,"labeled":0,"replied":0,"errors":[]}
Running mailbot at Sat Oct 11 20:40:52 CDT 2025
{"processed":0,"labeled":0,"replied":0,"errors":[]}
Sat Oct 11 20:42:40 CDT 2025: Active hours — running MailBot cycle
{"processed":0,"labeled":0,"replied":0,"errors":[]}
Running mailbot at Sat Oct 11 20:42:54 CDT 2025
{"processed":0,"labeled":0,"replied":0,"errors":[]}
Sat Oct 11 20:44:41 CDT 2025: Active hours — running MailBot cycle
{"processed":0,"labeled":0,"replied":0,"errors":[]}
Running mailbot at Sat Oct 11 20:44:55 CDT 2025
{"processed":0,"labeled":0,"replied":0,"errors":[]}
Sat Oct 11 20:46:45 CDT 2025: Active hours — running MailBot cycle
{"processed":0,"labeled":0,"replied":0,"errors":[]}
Running mailbot at Sat Oct 11 20:46:57 CDT 2025
{"processed":0,"labeled":0,"replied":0,"errors":[]}
Sat Oct 11 20:48:49 CDT 2025: Active hours — running MailBot cycle
{"processed":0,"labeled":0,"replied":0,"errors":[]}
Running mailbot at Sat Oct 11 20:48:58 CDT 2025
{"processed":0,"labeled":0,"replied":0,"errors":[]}
Sat Oct 11 20:50:51 CDT 2025: Active hours — running MailBot cycle
{"processed":0,"labeled":0,"replied":0,"errors":[]}
Running mailbot at Sat Oct 11 20:50:59 CDT 2025
{"processed":0,"labeled":0,"replied":0,"errors":[]}
Sat Oct 11 20:52:53 CDT 2025: Active hours — running MailBot cycle
{"processed":0,"labeled":0,"replied":0,"errors":[]}
Running mailbot at Sat Oct 11 20:53:01 CDT 2025
{"processed":0,"labeled":0,"replied":0,"errors":[]}
Sat Oct 11 20:54:55 CDT 2025: Active hours — running MailBot cycle
{"processed":0,"labeled":0,"replied":0,"errors":[]}
Running mailbot at Sat Oct 11 20:55:02 CDT 2025
{"processed":0,"labeled":0,"replied":0,"errors":[]}
Sat Oct 11 20:56:56 CDT 2025: Active hours — running MailBot cycle
{"processed":0,"labeled":0,"replied":0,"errors":[]}
Running mailbot at Sat Oct 11 20:57:03 CDT 2025
{"processed":0,"labeled":0,"replied":0,"errors":[]}
Sat Oct 11 20:58:58 CDT 2025: Active hours — running MailBot cycle
{"processed":0,"labeled":0,"replied":0,"errors":[]}
Running mailbot at Sat Oct 11 20:59:06 CDT 2025
{"processed":0,"labeled":0,"replied":0,"errors":[]}
Sat Oct 11 21:01:01 CDT 2025: Active hours — running MailBot cycle
{"processed":0,"labeled":0,"replied":0,"errors":[]}
Running mailbot at Sat Oct 11 21:01:09 CDT 2025
{"processed":0,"labeled":0,"replied":0,"errors":[]}
Sat Oct 11 21:03:03 CDT 2025: Active hours — running MailBot cycle
{"processed":0,"labeled":0,"replied":0,"errors":[]}
Running mailbot at Sat Oct 11 21:03:10 CDT 2025
{"processed":0,"labeled":0,"replied":0,"errors":[]}
Sat Oct 11 21:05:06 CDT 2025: Active hours — running MailBot cycle
{"processed":0,"labeled":0,"replied":0,"errors":[]}
Running mailbot at Sat Oct 11 21:05:18 CDT 2025
{"processed":0,"labeled":0,"replied":0,"errors":[]}
Sat Oct 11 21:07:06 CDT 2025: Active hours — running MailBot cycle
{"processed":0,"labeled":0,"replied":0,"errors":[]}
Running mailbot at Sat Oct 11 21:07:20 CDT 2025
{"processed":0,"labeled":0,"replied":0,"errors":[]}
Sat Oct 11 21:09:08 CDT 2025: Active hours — running MailBot cycle
{"processed":0,"labeled":0,"replied":0,"errors":[]}
Running mailbot at Sat Oct 11 21:09:22 CDT 2025
{"processed":0,"labeled":0,"replied":0,"errors":[]}
Sat Oct 11 21:11:13 CDT 2025: Active hours — running MailBot cycle
{"processed":0,"labeled":0,"replied":0,"errors":[]}
Running mailbot at Sat Oct 11 21:11:23 CDT 2025
{"processed":0,"labeled":0,"replied":0,"errors":[]}
Sat Oct 11 21:13:15 CDT 2025: Active hours — running MailBot cycle
{"processed":0,"labeled":0,"replied":0,"errors":[]}
Running mailbot at Sat Oct 11 21:13:26 CDT 2025
{"processed":0,"labeled":0,"replied":0,"errors":[]}
Sat Oct 11 21:15:19 CDT 2025: Active hours — running MailBot cycle
{"processed":0,"labeled":0,"replied":0,"errors":[]}
Running mailbot at Sat Oct 11 21:15:29 CDT 2025
{"processed":0,"labeled":0,"replied":0,"errors":[]}
Sat Oct 11 21:17:21 CDT 2025: Active hours — running MailBot cycle
{"processed":0,"labeled":0,"replied":0,"errors":[]}
Running mailbot at Sat Oct 11 21:17:30 CDT 2025
{"processed":0,"labeled":0,"replied":0,"errors":[]}
Sat Oct 11 21:19:22 CDT 2025: Active hours — running MailBot cycle
{"processed":0,"labeled":0,"replied":0,"errors":[]}
Running mailbot at Sat Oct 11 21:19:32 CDT 2025
{"processed":0,"labeled":0,"replied":0,"errors":[]}
Sat Oct 11 21:21:25 CDT 2025: Active hours — running MailBot cycle
{"processed":0,"labeled":0,"replied":0,"errors":[]}
Running mailbot at Sat Oct 11 21:21:34 CDT 2025
{"processed":0,"labeled":0,"replied":0,"errors":[]}
Sat Oct 11 21:23:27 CDT 2025: Active hours — running MailBot cycle
{"processed":0,"labeled":0,"replied":0,"errors":[]}
Running mailbot at Sat Oct 11 21:23:36 CDT 2025
{"processed":0,"labeled":0,"replied":0,"errors":[]}
Sat Oct 11 21:25:29 CDT 2025: Active hours — running MailBot cycle
{"processed":0,"labeled":0,"replied":0,"errors":[]}
Running mailbot at Sat Oct 11 21:25:37 CDT 2025
{"processed":0,"labeled":0,"replied":0,"errors":[]}
Sat Oct 11 21:27:31 CDT 2025: Active hours — running MailBot cycle
{"processed":0,"labeled":0,"replied":0,"errors":[]}
Running mailbot at Sat Oct 11 21:27:39 CDT 2025
{"processed":0,"labeled":0,"replied":0,"errors":[]}
Sat Oct 11 21:29:32 CDT 2025: Active hours — running MailBot cycle
{"processed":0,"labeled":0,"replied":0,"errors":[]}
Running mailbot at Sat Oct 11 21:29:40 CDT 2025
{"processed":0,"labeled":0,"replied":0,"errors":[]}
Sat Oct 11 21:31:35 CDT 2025: Active hours — running MailBot cycle
{"processed":0,"labeled":0,"replied":0,"errors":[]}
Running mailbot at Sat Oct 11 21:31:42 CDT 2025
{"processed":0,"labeled":0,"replied":0,"errors":[]}
Sat Oct 11 21:33:37 CDT 2025: Active hours — running MailBot cycle
{"processed":0,"labeled":0,"replied":0,"errors":[]}
Running mailbot at Sat Oct 11 21:33:44 CDT 2025
{"processed":0,"labeled":0,"replied":0,"errors":[]}
Sat Oct 11 21:35:39 CDT 2025: Active hours — running MailBot cycle
{"processed":0,"labeled":0,"replied":0,"errors":[]}
Running mailbot at Sat Oct 11 21:35:45 CDT 2025
{"processed":0,"labeled":0,"replied":0,"errors":[]}
Sat Oct 11 21:37:41 CDT 2025: Active hours — running MailBot cycle
{"processed":0,"labeled":0,"replied":0,"errors":[]}
Running mailbot at Sat Oct 11 21:37:47 CDT 2025
{"processed":0,"labeled":0,"replied":0,"errors":[]}
Sat Oct 11 21:39:43 CDT 2025: Active hours — running MailBot cycle
{"processed":0,"labeled":0,"replied":0,"errors":[]}
Running mailbot at Sat Oct 11 21:39:48 CDT 2025
{"processed":0,"labeled":0,"replied":0,"errors":[]}
Sat Oct 11 21:41:46 CDT 2025: Active hours — running MailBot cycle
{"processed":0,"labeled":0,"replied":0,"errors":[]}
Running mailbot at Sat Oct 11 21:41:50 CDT 2025
{"processed":0,"labeled":0,"replied":0,"errors":[]}
Sat Oct 11 21:43:47 CDT 2025: Active hours — running MailBot cycle
{"processed":0,"labeled":0,"replied":0,"errors":[]}
Running mailbot at Sat Oct 11 21:43:54 CDT 2025
{"processed":0,"labeled":0,"replied":0,"errors":[]}
Sat Oct 11 21:45:49 CDT 2025: Active hours — running MailBot cycle
{"processed":0,"labeled":0,"replied":0,"errors":[]}
Running mailbot at Sat Oct 11 21:45:55 CDT 2025
{"processed":0,"labeled":0,"replied":0,"errors":[]}
Sat Oct 11 21:47:52 CDT 2025: Active hours — running MailBot cycle
{"processed":0,"labeled":0,"replied":0,"errors":[]}
Running mailbot at Sat Oct 11 21:47:57 CDT 2025
{"processed":0,"labeled":0,"replied":0,"errors":[]}
Sat Oct 11 21:49:55 CDT 2025: Active hours — running MailBot cycle
{"processed":0,"labeled":0,"replied":0,"errors":[]}
Running mailbot at Sat Oct 11 21:49:58 CDT 2025
{"processed":0,"labeled":0,"replied":0,"errors":[]}
Sat Oct 11 21:51:56 CDT 2025: Active hours — running MailBot cycle
{"processed":0,"labeled":0,"replied":0,"errors":[]}
Running mailbot at Sat Oct 11 21:51:59 CDT 2025
{"processed":0,"labeled":0,"replied":0,"errors":[]}
Sat Oct 11 21:53:57 CDT 2025: Active hours — running MailBot cycle
{"processed":0,"labeled":0,"replied":0,"errors":[]}
Running mailbot at Sat Oct 11 21:54:01 CDT 2025
{"processed":0,"labeled":0,"replied":0,"errors":[]}
Sat Oct 11 21:55:59 CDT 2025: Active hours — running MailBot cycle
{"processed":0,"labeled":0,"replied":0,"errors":[]}
Running mailbot at Sat Oct 11 21:56:03 CDT 2025
{"processed":0,"labeled":0,"replied":0,"errors":[]}
Sat Oct 11 21:58:00 CDT 2025: Active hours — running MailBot cycle
{"processed":0,"labeled":0,"replied":0,"errors":[]}
Running mailbot at Sat Oct 11 21:58:04 CDT 2025
{"processed":0,"labeled":0,"replied":0,"errors":[]}
Sat Oct 11 22:00:01 CDT 2025: Quiet hours — skipping this cycle
Running mailbot at Sat Oct 11 22:00:05 CDT 2025
{"processed":0,"labeled":0,"replied":0,"errors":[]}
Sat Oct 11 22:02:01 CDT 2025: Quiet hours — skipping this cycle
Running mailbot at Sat Oct 11 22:02:06 CDT 2025
{"processed":0,"labeled":0,"replied":0,"errors":[]}
Sat Oct 11 22:04:01 CDT 2025: Quiet hours — skipping this cycle
Running mailbot at Sat Oct 11 22:04:07 CDT 2025
{"processed":0,"labeled":0,"replied":0,"errors":[]}
Sat Oct 11 22:06:01 CDT 2025: Quiet hours — skipping this cycle
Running mailbot at Sat Oct 11 22:06:08 CDT 2025
{"processed":0,"labeled":0,"replied":0,"errors":[]}
Sat Oct 11 22:08:01 CDT 2025: Quiet hours — skipping this cycle
Running mailbot at Sat Oct 11 22:08:11 CDT 2025
{"processed":0,"labeled":0,"replied":0,"errors":[]}
Sat Oct 11 22:10:01 CDT 2025: Quiet hours — skipping this cycle
Running mailbot at Sat Oct 11 22:10:11 CDT 2025
{"processed":0,"labeled":0,"replied":0,"errors":[]}
Sat Oct 11 22:12:01 CDT 2025: Quiet hours — skipping this cycle
Running mailbot at Sat Oct 11 22:12:12 CDT 2025
{"processed":0,"labeled":0,"replied":0,"errors":[]}
Sat Oct 11 22:14:02 CDT 2025: Quiet hours — skipping this cycle
Running mailbot at Sat Oct 11 22:14:14 CDT 2025
{"processed":0,"labeled":0,"replied":0,"errors":[]}
Sat Oct 11 22:16:02 CDT 2025: Quiet hours — skipping this cycle
Running mailbot at Sat Oct 11 22:16:18 CDT 2025
{"processed":0,"labeled":0,"replied":0,"errors":[]}
Sat Oct 11 22:18:02 CDT 2025: Quiet hours — skipping this cycle
Running mailbot at Sat Oct 11 22:18:19 CDT 2025
{"processed":0,"labeled":0,"replied":0,"errors":[]}
Sat Oct 11 22:20:02 CDT 2025: Quiet hours — skipping this cycle
Running mailbot at Sat Oct 11 22:20:22 CDT 2025
{"processed":0,"labeled":0,"replied":0,"errors":[]}
Sat Oct 11 22:22:02 CDT 2025: Quiet hours — skipping this cycle
Running mailbot at Sat Oct 11 22:22:22 CDT 2025
{"processed":0,"labeled":0,"replied":0,"errors":[]}
Sat Oct 11 22:24:02 CDT 2025: Quiet hours — skipping this cycle
Running mailbot at Sat Oct 11 22:24:23 CDT 2025
{"processed":0,"labeled":0,"replied":0,"errors":[]}
Sat Oct 11 22:26:02 CDT 2025: Quiet hours — skipping this cycle
Running mailbot at Sat Oct 11 22:26:24 CDT 2025
{"processed":0,"labeled":0,"replied":0,"errors":[]}
Sat Oct 11 22:28:02 CDT 2025: Quiet hours — skipping this cycle
Running mailbot at Sat Oct 11 22:28:25 CDT 2025
{"processed":0,"labeled":0,"replied":0,"errors":[]}
Sat Oct 11 22:30:02 CDT 2025: Quiet hours — skipping this cycle
Running mailbot at Sat Oct 11 22:30:25 CDT 2025
{"processed":0,"labeled":0,"replied":0,"errors":[]}
Sat Oct 11 22:32:02 CDT 2025: Quiet hours — skipping this cycle
Running mailbot at Sat Oct 11 22:32:26 CDT 2025
{"processed":0,"labeled":0,"replied":0,"errors":[]}
Sat Oct 11 22:34:02 CDT 2025: Quiet hours — skipping this cycle
Running mailbot at Sat Oct 11 22:34:27 CDT 2025
{"processed":0,"labeled":0,"replied":0,"errors":[]}
Sat Oct 11 22:36:02 CDT 2025: Quiet hours — skipping this cycle
Running mailbot at Sat Oct 11 22:36:28 CDT 2025
{"processed":0,"labeled":0,"replied":0,"errors":[]}
Sat Oct 11 22:38:02 CDT 2025: Quiet hours — skipping this cycle
Running mailbot at Sat Oct 11 22:38:28 CDT 2025

Sat Oct 11 22:40:02 CDT 2025: Quiet hours — skipping this cycle
Running mailbot at Sat Oct 11 22:40:29 CDT 2025

Sat Oct 11 22:42:02 CDT 2025: Quiet hours — skipping this cycle
Running mailbot at Sat Oct 11 22:42:29 CDT 2025

Sat Oct 11 22:44:03 CDT 2025: Quiet hours — skipping this cycle
Running mailbot at Sat Oct 11 22:44:29 CDT 2025

Sat Oct 11 22:46:03 CDT 2025: Quiet hours — skipping this cycle
Running mailbot at Sat Oct 11 22:46:29 CDT 2025

Sat Oct 11 22:48:03 CDT 2025: Quiet hours — skipping this cycle
Running mailbot at Sat Oct 11 22:48:29 CDT 2025

Sat Oct 11 22:50:03 CDT 2025: Quiet hours — skipping this cycle
Running mailbot at Sat Oct 11 22:50:29 CDT 2025

Sat Oct 11 22:52:03 CDT 2025: Quiet hours — skipping this cycle
Running mailbot at Sat Oct 11 22:52:29 CDT 2025

Sat Oct 11 22:54:03 CDT 2025: Quiet hours — skipping this cycle
Running mailbot at Sat Oct 11 22:54:29 CDT 2025

Sat Oct 11 22:56:03 CDT 2025: Quiet hours — skipping this cycle
Running mailbot at Sat Oct 11 22:56:29 CDT 2025

Sat Oct 11 22:58:03 CDT 2025: Quiet hours — skipping this cycle
Running mailbot at Sat Oct 11 22:58:29 CDT 2025

Sat Oct 11 23:00:03 CDT 2025: Quiet hours — skipping this cycle
Running mailbot at Sat Oct 11 23:00:30 CDT 2025

Sat Oct 11 23:02:03 CDT 2025: Quiet hours — skipping this cycle
Running mailbot at Sat Oct 11 23:02:30 CDT 2025

Sat Oct 11 23:04:03 CDT 2025: Quiet hours — skipping this cycle
Running mailbot at Sat Oct 11 23:04:30 CDT 2025

Sat Oct 11 23:06:04 CDT 2025: Quiet hours — skipping this cycle
Running mailbot at Sat Oct 11 23:06:30 CDT 2025

Sat Oct 11 23:08:04 CDT 2025: Quiet hours — skipping this cycle
Running mailbot at Sat Oct 11 23:08:30 CDT 2025

Sat Oct 11 23:10:04 CDT 2025: Quiet hours — skipping this cycle
Running mailbot at Sat Oct 11 23:10:30 CDT 2025

Sat Oct 11 23:12:04 CDT 2025: Quiet hours — skipping this cycle
Running mailbot at Sat Oct 11 23:12:30 CDT 2025

Sat Oct 11 23:14:04 CDT 2025: Quiet hours — skipping this cycle
Running mailbot at Sat Oct 11 23:14:30 CDT 2025

Sat Oct 11 23:16:04 CDT 2025: Quiet hours — skipping this cycle
Running mailbot at Sat Oct 11 23:16:30 CDT 2025

Sat Oct 11 23:18:04 CDT 2025: Quiet hours — skipping this cycle
Running mailbot at Sat Oct 11 23:19:25 CDT 2025

Sat Oct 11 23:20:59 CDT 2025: Quiet hours — skipping this cycle
Running mailbot at Sat Oct 11 23:21:25 CDT 2025

Sat Oct 11 23:22:59 CDT 2025: Quiet hours — skipping this cycle
Running mailbot at Sat Oct 11 23:23:26 CDT 2025

Sat Oct 11 23:24:59 CDT 2025: Quiet hours — skipping this cycle
Running mailbot at Sat Oct 11 23:25:26 CDT 2025

Sat Oct 11 23:26:59 CDT 2025: Quiet hours — skipping this cycle
Running mailbot at Sat Oct 11 23:27:26 CDT 2025

Sat Oct 11 23:28:59 CDT 2025: Quiet hours — skipping this cycle
Running mailbot at Sat Oct 11 23:29:26 CDT 2025

Sat Oct 11 23:31:00 CDT 2025: Quiet hours — skipping this cycle
Running mailbot at Sat Oct 11 23:31:26 CDT 2025

Sat Oct 11 23:33:00 CDT 2025: Quiet hours — skipping this cycle
Running mailbot at Sat Oct 11 23:33:26 CDT 2025

Sat Oct 11 23:35:00 CDT 2025: Quiet hours — skipping this cycle
Running mailbot at Sat Oct 11 23:35:26 CDT 2025

Sat Oct 11 23:37:00 CDT 2025: Quiet hours — skipping this cycle
Running mailbot at Sat Oct 11 23:37:26 CDT 2025

Sat Oct 11 23:39:00 CDT 2025: Quiet hours — skipping this cycle
Running mailbot at Sat Oct 11 23:39:26 CDT 2025

Sat Oct 11 23:41:00 CDT 2025: Quiet hours — skipping this cycle
Running mailbot at Sat Oct 11 23:41:27 CDT 2025

Sat Oct 11 23:43:00 CDT 2025: Quiet hours — skipping this cycle
Running mailbot at Sat Oct 11 23:43:27 CDT 2025

Sat Oct 11 23:45:00 CDT 2025: Quiet hours — skipping this cycle
Running mailbot at Sat Oct 11 23:45:27 CDT 2025

Sat Oct 11 23:47:00 CDT 2025: Quiet hours — skipping this cycle
Running mailbot at Sat Oct 11 23:47:27 CDT 2025

Sat Oct 11 23:49:00 CDT 2025: Quiet hours — skipping this cycle
Running mailbot at Sat Oct 11 23:49:27 CDT 2025

Sat Oct 11 23:51:01 CDT 2025: Quiet hours — skipping this cycle
Running mailbot at Sat Oct 11 23:51:27 CDT 2025

Sat Oct 11 23:53:01 CDT 2025: Quiet hours — skipping this cycle
Running mailbot at Sat Oct 11 23:53:27 CDT 2025

Sat Oct 11 23:55:01 CDT 2025: Quiet hours — skipping this cycle
Running mailbot at Sat Oct 11 23:55:27 CDT 2025

Sat Oct 11 23:57:01 CDT 2025: Quiet hours — skipping this cycle
Running mailbot at Sat Oct 11 23:57:27 CDT 2025

Sat Oct 11 23:59:01 CDT 2025: Quiet hours — skipping this cycle
Running mailbot at Sat Oct 11 23:59:27 CDT 2025

Sun Oct 12 00:01:01 CDT 2025: Quiet hours — skipping this cycle
Running mailbot at Sun Oct 12 00:01:28 CDT 2025

Sun Oct 12 00:03:01 CDT 2025: Quiet hours — skipping this cycle
Running mailbot at Sun Oct 12 00:03:28 CDT 2025

Sun Oct 12 00:05:01 CDT 2025: Quiet hours — skipping this cycle
Running mailbot at Sun Oct 12 00:05:28 CDT 2025

Sun Oct 12 00:07:01 CDT 2025: Quiet hours — skipping this cycle
Running mailbot at Sun Oct 12 00:07:28 CDT 2025

Sun Oct 12 00:09:01 CDT 2025: Quiet hours — skipping this cycle
Running mailbot at Sun Oct 12 00:09:28 CDT 2025

Sun Oct 12 00:11:01 CDT 2025: Quiet hours — skipping this cycle
Running mailbot at Sun Oct 12 00:11:28 CDT 2025

Sun Oct 12 00:13:02 CDT 2025: Quiet hours — skipping this cycle
Running mailbot at Sun Oct 12 00:13:28 CDT 2025

Sun Oct 12 00:15:02 CDT 2025: Quiet hours — skipping this cycle
Running mailbot at Sun Oct 12 00:15:28 CDT 2025

Sun Oct 12 00:17:02 CDT 2025: Quiet hours — skipping this cycle
Running mailbot at Sun Oct 12 00:17:28 CDT 2025

Sun Oct 12 00:19:02 CDT 2025: Quiet hours — skipping this cycle
Running mailbot at Sun Oct 12 00:19:28 CDT 2025

Sun Oct 12 00:21:02 CDT 2025: Quiet hours — skipping this cycle
Running mailbot at Sun Oct 12 00:21:29 CDT 2025

Sun Oct 12 00:23:02 CDT 2025: Quiet hours — skipping this cycle
Running mailbot at Sun Oct 12 00:23:29 CDT 2025

Sun Oct 12 00:25:02 CDT 2025: Quiet hours — skipping this cycle
Running mailbot at Sun Oct 12 00:25:29 CDT 2025

Sun Oct 12 00:27:02 CDT 2025: Quiet hours — skipping this cycle
Running mailbot at Sun Oct 12 00:27:29 CDT 2025

Sun Oct 12 00:29:02 CDT 2025: Quiet hours — skipping this cycle
Running mailbot at Sun Oct 12 00:29:29 CDT 2025

Sun Oct 12 00:31:02 CDT 2025: Quiet hours — skipping this cycle
Running mailbot at Sun Oct 12 00:31:29 CDT 2025
{"processed":0,"labeled":0,"replied":0,"errors":[]}
Sun Oct 12 00:33:02 CDT 2025: Quiet hours — skipping this cycle
Running mailbot at Sun Oct 12 00:33:30 CDT 2025
{"processed":0,"labeled":0,"replied":0,"errors":[]}
Sun Oct 12 00:35:02 CDT 2025: Quiet hours — skipping this cycle
Running mailbot at Sun Oct 12 00:35:31 CDT 2025
{"processed":0,"labeled":0,"replied":0,"errors":[]}
Sun Oct 12 00:37:03 CDT 2025: Quiet hours — skipping this cycle
Running mailbot at Sun Oct 12 00:37:32 CDT 2025
{"processed":0,"labeled":0,"replied":0,"errors":[]}
Sun Oct 12 00:39:03 CDT 2025: Quiet hours — skipping this cycle
Running mailbot at Sun Oct 12 00:39:33 CDT 2025
{"processed":0,"labeled":0,"replied":0,"errors":[]}
Sun Oct 12 00:41:03 CDT 2025: Quiet hours — skipping this cycle
Running mailbot at Sun Oct 12 00:41:34 CDT 2025
{"processed":0,"labeled":0,"replied":0,"errors":[]}
Sun Oct 12 00:43:03 CDT 2025: Quiet hours — skipping this cycle
Running mailbot at Sun Oct 12 00:43:35 CDT 2025
{"processed":0,"labeled":0,"replied":0,"errors":[]}
Sun Oct 12 00:45:03 CDT 2025: Quiet hours — skipping this cycle
Running mailbot at Sun Oct 12 00:45:36 CDT 2025
{"processed":0,"labeled":0,"replied":0,"errors":[]}
Sun Oct 12 00:47:03 CDT 2025: Quiet hours — skipping this cycle
Running mailbot at Sun Oct 12 00:47:36 CDT 2025
{"processed":0,"labeled":0,"replied":0,"errors":[]}
Sun Oct 12 00:49:03 CDT 2025: Quiet hours — skipping this cycle
Running mailbot at Sun Oct 12 00:49:37 CDT 2025
{"processed":0,"labeled":0,"replied":0,"errors":[]}
Sun Oct 12 00:51:03 CDT 2025: Quiet hours — skipping this cycle
Running mailbot at Sun Oct 12 00:51:38 CDT 2025
{"processed":0,"labeled":0,"replied":0,"errors":[]}
Sun Oct 12 00:53:03 CDT 2025: Quiet hours — skipping this cycle
Running mailbot at Sun Oct 12 00:53:39 CDT 2025
{"processed":0,"labeled":0,"replied":0,"errors":[]}
Sun Oct 12 00:55:03 CDT 2025: Quiet hours — skipping this cycle
Running mailbot at Sun Oct 12 00:55:39 CDT 2025
{"processed":0,"labeled":0,"replied":0,"errors":[]}
Sun Oct 12 00:57:03 CDT 2025: Quiet hours — skipping this cycle
Running mailbot at Sun Oct 12 00:57:40 CDT 2025
{"processed":0,"labeled":0,"replied":0,"errors":[]}
Sun Oct 12 01:16:15 CDT 2025: Quiet hours — skipping this cycle
Running mailbot at Sun Oct 12 01:16:53 CDT 2025
{"processed":0,"labeled":0,"replied":0,"errors":[]}
Sun Oct 12 01:18:15 CDT 2025: Quiet hours — skipping this cycle
Running mailbot at Sun Oct 12 01:34:07 CDT 2025
{"processed":0,"labeled":0,"replied":0,"errors":[]}
Sun Oct 12 01:51:33 CDT 2025: Quiet hours — skipping this cycle
Running mailbot at Sun Oct 12 01:52:13 CDT 2025
{"processed":0,"labeled":0,"replied":0,"errors":[]}
Sun Oct 12 02:08:49 CDT 2025: Quiet hours — skipping this cycle
Running mailbot at Sun Oct 12 02:09:30 CDT 2025
{"processed":0,"labeled":0,"replied":0,"errors":[]}
Sun Oct 12 02:26:42 CDT 2025: Quiet hours — skipping this cycle
Running mailbot at Sun Oct 12 02:27:23 CDT 2025
{"processed":0,"labeled":0,"replied":0,"errors":[]}
Sun Oct 12 02:28:43 CDT 2025: Quiet hours — skipping this cycle
Running mailbot at Sun Oct 12 02:29:24 CDT 2025
{"processed":0,"labeled":0,"replied":0,"errors":[]}
Sun Oct 12 02:30:43 CDT 2025: Quiet hours — skipping this cycle
Running mailbot at Sun Oct 12 02:31:25 CDT 2025
{"processed":0,"labeled":0,"replied":0,"errors":[]}
Sun Oct 12 02:32:43 CDT 2025: Quiet hours — skipping this cycle
Running mailbot at Sun Oct 12 02:33:26 CDT 2025
{"processed":0,"labeled":0,"replied":0,"errors":[]}
Sun Oct 12 02:34:43 CDT 2025: Quiet hours — skipping this cycle
Running mailbot at Sun Oct 12 02:35:27 CDT 2025
{"processed":0,"labeled":0,"replied":0,"errors":[]}
Sun Oct 12 02:36:43 CDT 2025: Quiet hours — skipping this cycle
Running mailbot at Sun Oct 12 02:37:28 CDT 2025
{"processed":0,"labeled":0,"replied":0,"errors":[]}
Sun Oct 12 02:38:43 CDT 2025: Quiet hours — skipping this cycle
Running mailbot at Sun Oct 12 02:39:28 CDT 2025
{"processed":0,"labeled":0,"replied":0,"errors":[]}
Sun Oct 12 02:40:43 CDT 2025: Quiet hours — skipping this cycle
Running mailbot at Sun Oct 12 02:41:29 CDT 2025
{"processed":0,"labeled":0,"replied":0,"errors":[]}
Sun Oct 12 02:42:43 CDT 2025: Quiet hours — skipping this cycle
Running mailbot at Sun Oct 12 02:43:30 CDT 2025
{"processed":0,"labeled":0,"replied":0,"errors":[]}
Sun Oct 12 02:44:43 CDT 2025: Quiet hours — skipping this cycle
Running mailbot at Sun Oct 12 02:45:31 CDT 2025
{"processed":0,"labeled":0,"replied":0,"errors":[]}
Sun Oct 12 02:46:43 CDT 2025: Quiet hours — skipping this cycle
Running mailbot at Sun Oct 12 02:47:32 CDT 2025
{"processed":0,"labeled":0,"replied":0,"errors":[]}
Sun Oct 12 02:48:43 CDT 2025: Quiet hours — skipping this cycle
Running mailbot at Sun Oct 12 02:49:33 CDT 2025
{"processed":0,"labeled":0,"replied":0,"errors":[]}
Sun Oct 12 02:50:44 CDT 2025: Quiet hours — skipping this cycle
Running mailbot at Sun Oct 12 02:51:34 CDT 2025
{"processed":0,"labeled":0,"replied":0,"errors":[]}
Sun Oct 12 02:52:44 CDT 2025: Quiet hours — skipping this cycle
Running mailbot at Sun Oct 12 02:53:34 CDT 2025
{"processed":0,"labeled":0,"replied":0,"errors":[]}
Sun Oct 12 02:54:44 CDT 2025: Quiet hours — skipping this cycle
Running mailbot at Sun Oct 12 02:55:35 CDT 2025
{"processed":0,"labeled":0,"replied":0,"errors":[]}
Sun Oct 12 02:56:44 CDT 2025: Quiet hours — skipping this cycle
Running mailbot at Sun Oct 12 02:57:36 CDT 2025
{"processed":0,"labeled":0,"replied":0,"errors":[]}
Sun Oct 12 02:58:44 CDT 2025: Quiet hours — skipping this cycle
Running mailbot at Sun Oct 12 02:59:37 CDT 2025
{"processed":0,"labeled":0,"replied":0,"errors":[]}
Sun Oct 12 03:00:44 CDT 2025: Quiet hours — skipping this cycle
Running mailbot at Sun Oct 12 03:01:38 CDT 2025
{"processed":0,"labeled":0,"replied":0,"errors":[]}
Sun Oct 12 03:02:44 CDT 2025: Quiet hours — skipping this cycle
Running mailbot at Sun Oct 12 03:03:39 CDT 2025
{"processed":0,"labeled":0,"replied":0,"errors":[]}
Sun Oct 12 03:04:44 CDT 2025: Quiet hours — skipping this cycle
Running mailbot at Sun Oct 12 03:05:40 CDT 2025
{"processed":0,"labeled":0,"replied":0,"errors":[]}
Sun Oct 12 03:06:44 CDT 2025: Quiet hours — skipping this cycle
Running mailbot at Sun Oct 12 03:07:40 CDT 2025
{"processed":0,"labeled":0,"replied":0,"errors":[]}
Sun Oct 12 03:08:44 CDT 2025: Quiet hours — skipping this cycle
Running mailbot at Sun Oct 12 03:09:41 CDT 2025
{"processed":0,"labeled":0,"replied":0,"errors":[]}
Sun Oct 12 03:10:44 CDT 2025: Quiet hours — skipping this cycle
Running mailbot at Sun Oct 12 03:11:42 CDT 2025
{"processed":0,"labeled":0,"replied":0,"errors":[]}
Sun Oct 12 03:12:44 CDT 2025: Quiet hours — skipping this cycle
Running mailbot at Sun Oct 12 03:13:43 CDT 2025
{"processed":0,"labeled":0,"replied":0,"errors":[]}
Sun Oct 12 03:14:45 CDT 2025: Quiet hours — skipping this cycle
Running mailbot at Sun Oct 12 03:15:44 CDT 2025
{"processed":0,"labeled":0,"replied":0,"errors":[]}
Sun Oct 12 03:16:45 CDT 2025: Quiet hours — skipping this cycle
Running mailbot at Sun Oct 12 03:17:44 CDT 2025
{"processed":0,"labeled":0,"replied":0,"errors":[]}
Sun Oct 12 03:18:45 CDT 2025: Quiet hours — skipping this cycle
Running mailbot at Sun Oct 12 03:19:45 CDT 2025
{"processed":0,"labeled":0,"replied":0,"errors":[]}
Sun Oct 12 03:20:45 CDT 2025: Quiet hours — skipping this cycle
Running mailbot at Sun Oct 12 03:21:46 CDT 2025
{"processed":0,"labeled":0,"replied":0,"errors":[]}
Sun Oct 12 03:22:45 CDT 2025: Quiet hours — skipping this cycle
Running mailbot at Sun Oct 12 03:23:47 CDT 2025
{"processed":0,"labeled":0,"replied":0,"errors":[]}
Sun Oct 12 03:24:45 CDT 2025: Quiet hours — skipping this cycle
Running mailbot at Sun Oct 12 03:25:47 CDT 2025
{"processed":0,"labeled":0,"replied":0,"errors":[]}
Sun Oct 12 03:26:45 CDT 2025: Quiet hours — skipping this cycle
Running mailbot at Sun Oct 12 03:27:48 CDT 2025
{"processed":0,"labeled":0,"replied":0,"errors":[]}
Sun Oct 12 03:28:45 CDT 2025: Quiet hours — skipping this cycle
Running mailbot at Sun Oct 12 03:29:49 CDT 2025
{"processed":0,"labeled":0,"replied":0,"errors":[]}
Sun Oct 12 03:30:45 CDT 2025: Quiet hours — skipping this cycle
Running mailbot at Sun Oct 12 03:31:50 CDT 2025
{"processed":0,"labeled":0,"replied":0,"errors":[]}
Sun Oct 12 03:32:45 CDT 2025: Quiet hours — skipping this cycle
Running mailbot at Sun Oct 12 03:33:51 CDT 2025
{"processed":0,"labeled":0,"replied":0,"errors":[]}
Sun Oct 12 03:34:45 CDT 2025: Quiet hours — skipping this cycle
Running mailbot at Sun Oct 12 03:35:52 CDT 2025
{"processed":0,"labeled":0,"replied":0,"errors":[]}
Sun Oct 12 03:36:46 CDT 2025: Quiet hours — skipping this cycle
Running mailbot at Sun Oct 12 03:37:52 CDT 2025
{"processed":0,"labeled":0,"replied":0,"errors":[]}
Sun Oct 12 03:38:46 CDT 2025: Quiet hours — skipping this cycle
Running mailbot at Sun Oct 12 03:39:53 CDT 2025
{"processed":0,"labeled":0,"replied":0,"errors":[]}
Sun Oct 12 03:40:46 CDT 2025: Quiet hours — skipping this cycle
Running mailbot at Sun Oct 12 03:41:54 CDT 2025
{"processed":0,"labeled":0,"replied":0,"errors":[]}
Sun Oct 12 03:42:46 CDT 2025: Quiet hours — skipping this cycle
Running mailbot at Sun Oct 12 03:43:55 CDT 2025
{"processed":0,"labeled":0,"replied":0,"errors":[]}
Sun Oct 12 03:44:46 CDT 2025: Quiet hours — skipping this cycle
Running mailbot at Sun Oct 12 03:45:56 CDT 2025
{"processed":0,"labeled":0,"replied":0,"errors":[]}
Sun Oct 12 03:46:46 CDT 2025: Quiet hours — skipping this cycle
Running mailbot at Sun Oct 12 03:47:56 CDT 2025
{"processed":0,"labeled":0,"replied":0,"errors":[]}
Sun Oct 12 03:48:46 CDT 2025: Quiet hours — skipping this cycle
Running mailbot at Sun Oct 12 03:49:57 CDT 2025
{"processed":0,"labeled":0,"replied":0,"errors":[]}
Sun Oct 12 03:50:46 CDT 2025: Quiet hours — skipping this cycle
Running mailbot at Sun Oct 12 03:51:58 CDT 2025
{"processed":0,"labeled":0,"replied":0,"errors":[]}
Sun Oct 12 03:52:46 CDT 2025: Quiet hours — skipping this cycle
Running mailbot at Sun Oct 12 03:53:59 CDT 2025
{"processed":0,"labeled":0,"replied":0,"errors":[]}
Sun Oct 12 03:54:46 CDT 2025: Quiet hours — skipping this cycle
Running mailbot at Sun Oct 12 03:56:00 CDT 2025
{"processed":0,"labeled":0,"replied":0,"errors":[]}
Sun Oct 12 03:56:46 CDT 2025: Quiet hours — skipping this cycle
Running mailbot at Sun Oct 12 03:58:00 CDT 2025
{"processed":0,"labeled":0,"replied":0,"errors":[]}
Sun Oct 12 03:58:46 CDT 2025: Quiet hours — skipping this cycle
Running mailbot at Sun Oct 12 04:00:01 CDT 2025
{"processed":0,"labeled":0,"replied":0,"errors":[]}
Sun Oct 12 04:00:47 CDT 2025: Quiet hours — skipping this cycle
Running mailbot at Sun Oct 12 04:02:02 CDT 2025
{"processed":0,"labeled":0,"replied":0,"errors":[]}
Sun Oct 12 04:02:47 CDT 2025: Quiet hours — skipping this cycle
Running mailbot at Sun Oct 12 04:04:03 CDT 2025
{"processed":0,"labeled":0,"replied":0,"errors":[]}
Sun Oct 12 04:04:47 CDT 2025: Quiet hours — skipping this cycle
Running mailbot at Sun Oct 12 04:06:04 CDT 2025
{"processed":0,"labeled":0,"replied":0,"errors":[]}
Sun Oct 12 04:06:47 CDT 2025: Quiet hours — skipping this cycle
Running mailbot at Sun Oct 12 04:08:05 CDT 2025
{"processed":0,"labeled":0,"replied":0,"errors":[]}
Sun Oct 12 04:08:47 CDT 2025: Quiet hours — skipping this cycle
Running mailbot at Sun Oct 12 04:10:06 CDT 2025
{"processed":0,"labeled":0,"replied":0,"errors":[]}
Sun Oct 12 04:10:47 CDT 2025: Quiet hours — skipping this cycle
Running mailbot at Sun Oct 12 04:12:06 CDT 2025
{"processed":0,"labeled":0,"replied":0,"errors":[]}
Sun Oct 12 04:12:47 CDT 2025: Quiet hours — skipping this cycle
Running mailbot at Sun Oct 12 04:14:07 CDT 2025
{"processed":0,"labeled":0,"replied":0,"errors":[]}
Sun Oct 12 04:14:47 CDT 2025: Quiet hours — skipping this cycle
Running mailbot at Sun Oct 12 04:16:08 CDT 2025
{"processed":0,"labeled":0,"replied":0,"errors":[]}
Sun Oct 12 04:16:47 CDT 2025: Quiet hours — skipping this cycle
Running mailbot at Sun Oct 12 04:18:09 CDT 2025
{"processed":0,"labeled":0,"replied":0,"errors":[]}
Sun Oct 12 04:18:47 CDT 2025: Quiet hours — skipping this cycle
Running mailbot at Sun Oct 12 04:20:10 CDT 2025
{"processed":0,"labeled":0,"replied":0,"errors":[]}
Sun Oct 12 04:20:47 CDT 2025: Quiet hours — skipping this cycle
Running mailbot at Sun Oct 12 04:22:11 CDT 2025
{"processed":0,"labeled":0,"replied":0,"errors":[]}
Sun Oct 12 04:22:47 CDT 2025: Quiet hours — skipping this cycle
Running mailbot at Sun Oct 12 04:24:11 CDT 2025
{"processed":0,"labeled":0,"replied":0,"errors":[]}
Sun Oct 12 04:24:48 CDT 2025: Quiet hours — skipping this cycle
Running mailbot at Sun Oct 12 04:26:12 CDT 2025
{"processed":0,"labeled":0,"replied":0,"errors":[]}
Sun Oct 12 04:26:48 CDT 2025: Quiet hours — skipping this cycle
Running mailbot at Sun Oct 12 04:28:13 CDT 2025
{"processed":0,"labeled":0,"replied":0,"errors":[]}
Sun Oct 12 04:28:48 CDT 2025: Quiet hours — skipping this cycle
Running mailbot at Sun Oct 12 04:30:14 CDT 2025
{"processed":0,"labeled":0,"replied":0,"errors":[]}
Sun Oct 12 04:30:48 CDT 2025: Quiet hours — skipping this cycle
Running mailbot at Sun Oct 12 04:32:15 CDT 2025
{"processed":0,"labeled":0,"replied":0,"errors":[]}
Sun Oct 12 04:32:48 CDT 2025: Quiet hours — skipping this cycle
Running mailbot at Sun Oct 12 04:34:15 CDT 2025
{"processed":0,"labeled":0,"replied":0,"errors":[]}
Sun Oct 12 04:34:48 CDT 2025: Quiet hours — skipping this cycle
Running mailbot at Sun Oct 12 04:36:16 CDT 2025
{"processed":0,"labeled":0,"replied":0,"errors":[]}
Sun Oct 12 04:36:48 CDT 2025: Quiet hours — skipping this cycle
Running mailbot at Sun Oct 12 04:38:17 CDT 2025
{"processed":0,"labeled":0,"replied":0,"errors":[]}
Sun Oct 12 04:38:48 CDT 2025: Quiet hours — skipping this cycle
Running mailbot at Sun Oct 12 04:40:18 CDT 2025
{"processed":0,"labeled":0,"replied":0,"errors":[]}
Sun Oct 12 04:40:48 CDT 2025: Quiet hours — skipping this cycle
Running mailbot at Sun Oct 12 04:42:19 CDT 2025
{"processed":0,"labeled":0,"replied":0,"errors":[]}
Sun Oct 12 04:42:48 CDT 2025: Quiet hours — skipping this cycle
Running mailbot at Sun Oct 12 04:44:19 CDT 2025
{"processed":0,"labeled":0,"replied":0,"errors":[]}
Sun Oct 12 04:44:48 CDT 2025: Quiet hours — skipping this cycle
Running mailbot at Sun Oct 12 04:46:20 CDT 2025
{"processed":0,"labeled":0,"replied":0,"errors":[]}
Sun Oct 12 04:46:48 CDT 2025: Quiet hours — skipping this cycle
Running mailbot at Sun Oct 12 04:48:21 CDT 2025
{"processed":0,"labeled":0,"replied":0,"errors":[]}
Sun Oct 12 04:48:49 CDT 2025: Quiet hours — skipping this cycle
Running mailbot at Sun Oct 12 04:50:22 CDT 2025
{"processed":0,"labeled":0,"replied":0,"errors":[]}
Sun Oct 12 04:50:49 CDT 2025: Quiet hours — skipping this cycle
Running mailbot at Sun Oct 12 04:52:23 CDT 2025
{"processed":0,"labeled":0,"replied":0,"errors":[]}
Sun Oct 12 04:52:49 CDT 2025: Quiet hours — skipping this cycle
Running mailbot at Sun Oct 12 04:54:23 CDT 2025
{"processed":0,"labeled":0,"replied":0,"errors":[]}
Sun Oct 12 04:54:49 CDT 2025: Quiet hours — skipping this cycle
Running mailbot at Sun Oct 12 04:56:24 CDT 2025
{"processed":0,"labeled":0,"replied":0,"errors":[]}
Sun Oct 12 04:56:49 CDT 2025: Quiet hours — skipping this cycle
Running mailbot at Sun Oct 12 04:58:25 CDT 2025
{"processed":0,"labeled":0,"replied":0,"errors":[]}
Sun Oct 12 04:58:49 CDT 2025: Quiet hours — skipping this cycle
Running mailbot at Sun Oct 12 05:00:26 CDT 2025
{"processed":0,"labeled":0,"replied":0,"errors":[]}
Sun Oct 12 05:00:49 CDT 2025: Quiet hours — skipping this cycle
Running mailbot at Sun Oct 12 05:02:27 CDT 2025
{"processed":0,"labeled":0,"replied":0,"errors":[]}
Sun Oct 12 05:02:49 CDT 2025: Quiet hours — skipping this cycle
Running mailbot at Sun Oct 12 05:04:27 CDT 2025
{"processed":0,"labeled":0,"replied":0,"errors":[]}
Sun Oct 12 05:04:49 CDT 2025: Quiet hours — skipping this cycle
Running mailbot at Sun Oct 12 05:06:28 CDT 2025
{"processed":0,"labeled":0,"replied":0,"errors":[]}
Sun Oct 12 05:06:49 CDT 2025: Quiet hours — skipping this cycle
Running mailbot at Sun Oct 12 05:08:29 CDT 2025
{"processed":0,"labeled":0,"replied":0,"errors":[]}
Sun Oct 12 05:08:49 CDT 2025: Quiet hours — skipping this cycle
Running mailbot at Sun Oct 12 05:10:30 CDT 2025
{"processed":0,"labeled":0,"replied":0,"errors":[]}
Sun Oct 12 05:10:50 CDT 2025: Quiet hours — skipping this cycle
Running mailbot at Sun Oct 12 05:12:31 CDT 2025
{"processed":0,"labeled":0,"replied":0,"errors":[]}
Sun Oct 12 05:12:50 CDT 2025: Quiet hours — skipping this cycle
Running mailbot at Sun Oct 12 05:14:31 CDT 2025
{"processed":0,"labeled":0,"replied":0,"errors":[]}
Sun Oct 12 05:14:50 CDT 2025: Quiet hours — skipping this cycle
Running mailbot at Sun Oct 12 05:16:32 CDT 2025
{"processed":0,"labeled":0,"replied":0,"errors":[]}
Sun Oct 12 05:16:50 CDT 2025: Quiet hours — skipping this cycle
Running mailbot at Sun Oct 12 05:18:33 CDT 2025
{"processed":0,"labeled":0,"replied":0,"errors":[]}
Sun Oct 12 05:18:50 CDT 2025: Quiet hours — skipping this cycle
Running mailbot at Sun Oct 12 05:20:34 CDT 2025
{"processed":0,"labeled":0,"replied":0,"errors":[]}
Sun Oct 12 05:20:50 CDT 2025: Quiet hours — skipping this cycle
Running mailbot at Sun Oct 12 05:22:35 CDT 2025
{"processed":0,"labeled":0,"replied":0,"errors":[]}
Sun Oct 12 05:22:50 CDT 2025: Quiet hours — skipping this cycle
Running mailbot at Sun Oct 12 05:24:35 CDT 2025
{"processed":0,"labeled":0,"replied":0,"errors":[]}
Sun Oct 12 05:24:50 CDT 2025: Quiet hours — skipping this cycle
Running mailbot at Sun Oct 12 05:26:36 CDT 2025
{"processed":0,"labeled":0,"replied":0,"errors":[]}
Sun Oct 12 05:26:50 CDT 2025: Quiet hours — skipping this cycle
Running mailbot at Sun Oct 12 05:28:37 CDT 2025
{"processed":0,"labeled":0,"replied":0,"errors":[]}
Sun Oct 12 05:28:50 CDT 2025: Quiet hours — skipping this cycle
Running mailbot at Sun Oct 12 05:30:38 CDT 2025
{"processed":0,"labeled":0,"replied":0,"errors":[]}
Sun Oct 12 05:30:50 CDT 2025: Quiet hours — skipping this cycle
Running mailbot at Sun Oct 12 05:32:39 CDT 2025
{"processed":0,"labeled":0,"replied":0,"errors":[]}
Sun Oct 12 05:32:50 CDT 2025: Quiet hours — skipping this cycle
Running mailbot at Sun Oct 12 05:34:39 CDT 2025
{"processed":0,"labeled":0,"replied":0,"errors":[]}
Sun Oct 12 05:34:50 CDT 2025: Quiet hours — skipping this cycle
Running mailbot at Sun Oct 12 05:36:40 CDT 2025
{"processed":0,"labeled":0,"replied":0,"errors":[]}
Sun Oct 12 05:36:51 CDT 2025: Quiet hours — skipping this cycle
Running mailbot at Sun Oct 12 05:38:41 CDT 2025
{"processed":0,"labeled":0,"replied":0,"errors":[]}
Sun Oct 12 05:38:51 CDT 2025: Quiet hours — skipping this cycle
Running mailbot at Sun Oct 12 05:40:42 CDT 2025
{"processed":0,"labeled":0,"replied":0,"errors":[]}
Sun Oct 12 05:40:51 CDT 2025: Quiet hours — skipping this cycle
Running mailbot at Sun Oct 12 05:42:43 CDT 2025
{"processed":0,"labeled":0,"replied":0,"errors":[]}
Sun Oct 12 05:42:51 CDT 2025: Quiet hours — skipping this cycle
Running mailbot at Sun Oct 12 05:44:44 CDT 2025
{"processed":0,"labeled":0,"replied":0,"errors":[]}
Sun Oct 12 05:44:51 CDT 2025: Quiet hours — skipping this cycle
Running mailbot at Sun Oct 12 05:46:45 CDT 2025
{"processed":0,"labeled":0,"replied":0,"errors":[]}
Sun Oct 12 05:46:51 CDT 2025: Quiet hours — skipping this cycle
Running mailbot at Sun Oct 12 05:48:45 CDT 2025
{"processed":0,"labeled":0,"replied":0,"errors":[]}
Sun Oct 12 05:48:51 CDT 2025: Quiet hours — skipping this cycle
Running mailbot at Sun Oct 12 05:50:46 CDT 2025
{"processed":0,"labeled":0,"replied":0,"errors":[]}
Sun Oct 12 05:50:51 CDT 2025: Quiet hours — skipping this cycle
Running mailbot at Sun Oct 12 05:52:47 CDT 2025
{"processed":0,"labeled":0,"replied":0,"errors":[]}
Sun Oct 12 05:52:51 CDT 2025: Quiet hours — skipping this cycle
Running mailbot at Sun Oct 12 05:54:48 CDT 2025
{"processed":0,"labeled":0,"replied":0,"errors":[]}
Sun Oct 12 05:54:51 CDT 2025: Quiet hours — skipping this cycle
Running mailbot at Sun Oct 12 06:25:11 CDT 2025
Sun Oct 12 06:25:14 CDT 2025: Quiet hours — skipping this cycle
{"processed":0,"labeled":0,"replied":0,"errors":[]}
Sun Oct 12 06:54:56 CDT 2025: Quiet hours — skipping this cycle
Running mailbot at Sun Oct 12 06:54:58 CDT 2025
{"processed":0,"labeled":0,"replied":0,"errors":[]}
Sun Oct 12 06:58:04 CDT 2025: Quiet hours — skipping this cycle
Running mailbot at Sun Oct 12 06:58:08 CDT 2025
{"processed":0,"labeled":0,"replied":0,"errors":[]}
Sun Oct 12 07:00:04 CDT 2025: Active hours — running MailBot cycle

Running mailbot at Sun Oct 12 07:00:09 CDT 2025

Sun Oct 12 07:02:04 CDT 2025: Active hours — running MailBot cycle

Running mailbot at Sun Oct 12 07:02:09 CDT 2025

Sun Oct 12 07:04:05 CDT 2025: Active hours — running MailBot cycle

Running mailbot at Sun Oct 12 07:04:09 CDT 2025

Sun Oct 12 07:06:05 CDT 2025: Active hours — running MailBot cycle

Running mailbot at Sun Oct 12 07:06:09 CDT 2025

Sun Oct 12 07:08:05 CDT 2025: Active hours — running MailBot cycle

Running mailbot at Sun Oct 12 07:08:09 CDT 2025

Sun Oct 12 07:10:05 CDT 2025: Active hours — running MailBot cycle

Running mailbot at Sun Oct 12 07:10:09 CDT 2025

Sun Oct 12 07:12:05 CDT 2025: Active hours — running MailBot cycle

Running mailbot at Sun Oct 12 07:12:09 CDT 2025

Sun Oct 12 07:14:05 CDT 2025: Active hours — running MailBot cycle

Running mailbot at Sun Oct 12 07:14:09 CDT 2025

Sun Oct 12 07:16:05 CDT 2025: Active hours — running MailBot cycle

Running mailbot at Sun Oct 12 07:16:09 CDT 2025

Sun Oct 12 07:18:05 CDT 2025: Active hours — running MailBot cycle

Running mailbot at Sun Oct 12 07:18:10 CDT 2025

Sun Oct 12 07:20:06 CDT 2025: Active hours — running MailBot cycle

Running mailbot at Sun Oct 12 07:20:10 CDT 2025

Sun Oct 12 07:22:06 CDT 2025: Active hours — running MailBot cycle

Running mailbot at Sun Oct 12 07:22:10 CDT 2025

Sun Oct 12 07:24:06 CDT 2025: Active hours — running MailBot cycle

Running mailbot at Sun Oct 12 07:24:10 CDT 2025

Sun Oct 12 07:26:06 CDT 2025: Active hours — running MailBot cycle

Running mailbot at Sun Oct 12 07:26:10 CDT 2025

Sun Oct 12 07:28:06 CDT 2025: Active hours — running MailBot cycle

Running mailbot at Sun Oct 12 07:28:10 CDT 2025

Sun Oct 12 07:30:06 CDT 2025: Active hours — running MailBot cycle

Running mailbot at Sun Oct 12 07:30:10 CDT 2025

Sun Oct 12 07:32:06 CDT 2025: Active hours — running MailBot cycle

Running mailbot at Sun Oct 12 07:32:10 CDT 2025

Sun Oct 12 07:34:06 CDT 2025: Active hours — running MailBot cycle

Running mailbot at Sun Oct 12 07:34:10 CDT 2025

Sun Oct 12 07:36:07 CDT 2025: Active hours — running MailBot cycle

Running mailbot at Sun Oct 12 07:36:10 CDT 2025

Sun Oct 12 07:38:07 CDT 2025: Active hours — running MailBot cycle

Running mailbot at Sun Oct 12 07:38:11 CDT 2025

Sun Oct 12 07:40:07 CDT 2025: Active hours — running MailBot cycle

Running mailbot at Sun Oct 12 07:40:11 CDT 2025

Sun Oct 12 07:42:07 CDT 2025: Active hours — running MailBot cycle
Running mailbot at Sun Oct 12 07:42:11 CDT 2025


Sun Oct 12 07:45:22 CDT 2025: Active hours — running MailBot cycle
Running mailbot at Sun Oct 12 07:45:26 CDT 2025


Sun Oct 12 07:48:37 CDT 2025: Active hours — running MailBot cycle
Running mailbot at Sun Oct 12 07:48:41 CDT 2025


Sun Oct 12 07:51:52 CDT 2025: Active hours — running MailBot cycle
Running mailbot at Sun Oct 12 07:51:56 CDT 2025


Sun Oct 12 07:55:07 CDT 2025: Active hours — running MailBot cycle
Running mailbot at Sun Oct 12 07:55:11 CDT 2025


Sun Oct 12 07:58:23 CDT 2025: Active hours — running MailBot cycle
Running mailbot at Sun Oct 12 07:58:26 CDT 2025


Sun Oct 12 08:20:13 CDT 2025: Active hours — running MailBot cycle
Running mailbot at Sun Oct 12 08:20:16 CDT 2025


Sun Oct 12 09:46:46 CDT 2025: Active hours — running MailBot cycle
Running mailbot at Sun Oct 12 09:46:46 CDT 2025


Sun Oct 12 09:50:01 CDT 2025: Active hours — running MailBot cycle
Running mailbot at Sun Oct 12 09:50:01 CDT 2025


Sun Oct 12 09:53:16 CDT 2025: Active hours — running MailBot cycle
Running mailbot at Sun Oct 12 09:53:16 CDT 2025


Sun Oct 12 09:56:31 CDT 2025: Active hours — running MailBot cycle
Running mailbot at Sun Oct 12 09:56:32 CDT 2025


Sun Oct 12 09:59:46 CDT 2025: Active hours — running MailBot cycle
Running mailbot at Sun Oct 12 09:59:47 CDT 2025


Sun Oct 12 10:03:01 CDT 2025: Active hours — running MailBot cycle
Running mailbot at Sun Oct 12 10:03:02 CDT 2025


Sun Oct 12 10:06:16 CDT 2025: Active hours — running MailBot cycle
Running mailbot at Sun Oct 12 10:06:17 CDT 2025


Sun Oct 12 10:09:32 CDT 2025: Active hours — running MailBot cycle
Running mailbot at Sun Oct 12 10:09:32 CDT 2025


Sun Oct 12 10:11:51 CDT 2025: Active hours — running MailBot cycle

Running mailbot at Sun Oct 12 10:11:51 CDT 2025

Sun Oct 12 10:13:51 CDT 2025: Active hours — running MailBot cycle

Running mailbot at Sun Oct 12 10:13:51 CDT 2025

Sun Oct 12 10:31:44 CDT 2025: Active hours — running MailBot cycle

Running mailbot at Sun Oct 12 10:31:44 CDT 2025

Sun Oct 12 10:33:44 CDT 2025: Active hours — running MailBot cycle

Running mailbot at Sun Oct 12 10:33:44 CDT 2025

Sun Oct 12 11:27:28 CDT 2025: Active hours — running MailBot cycle

Running mailbot at Sun Oct 12 11:27:29 CDT 2025

Sun Oct 12 11:29:28 CDT 2025: Active hours — running MailBot cycle

Running mailbot at Sun Oct 12 11:29:29 CDT 2025

Sun Oct 12 11:31:29 CDT 2025: Active hours — running MailBot cycle

Running mailbot at Sun Oct 12 11:31:29 CDT 2025

Sun Oct 12 11:33:29 CDT 2025: Active hours — running MailBot cycle

Running mailbot at Sun Oct 12 11:33:29 CDT 2025

Sun Oct 12 11:35:29 CDT 2025: Active hours — running MailBot cycle

Running mailbot at Sun Oct 12 11:35:29 CDT 2025

Sun Oct 12 11:37:29 CDT 2025: Active hours — running MailBot cycle

Running mailbot at Sun Oct 12 11:37:29 CDT 2025

Sun Oct 12 11:39:29 CDT 2025: Active hours — running MailBot cycle

Running mailbot at Sun Oct 12 11:39:29 CDT 2025

Sun Oct 12 11:41:29 CDT 2025: Active hours — running MailBot cycle

Running mailbot at Sun Oct 12 11:41:29 CDT 2025

Sun Oct 12 11:43:29 CDT 2025: Active hours — running MailBot cycle

Running mailbot at Sun Oct 12 11:43:29 CDT 2025

Sun Oct 12 12:03:05 CDT 2025: Active hours — running MailBot cycle
Running mailbot at Sun Oct 12 12:03:05 CDT 2025


Running mailbot at Sun Oct 12 12:40:04 CDT 2025
Sun Oct 12 12:40:04 CDT 2025: Active hours — running MailBot cycle


Running mailbot at Sun Oct 12 12:42:04 CDT 2025
Sun Oct 12 12:42:04 CDT 2025: Active hours — running MailBot cycle


Running mailbot at Sun Oct 12 12:44:04 CDT 2025
Sun Oct 12 12:44:04 CDT 2025: Active hours — running MailBot cycle


Running mailbot at Sun Oct 12 12:46:04 CDT 2025
Sun Oct 12 12:46:04 CDT 2025: Active hours — running MailBot cycle


Running mailbot at Sun Oct 12 12:48:04 CDT 2025
Sun Oct 12 12:48:04 CDT 2025: Active hours — running MailBot cycle


Running mailbot at Sun Oct 12 12:50:04 CDT 2025
Sun Oct 12 12:50:04 CDT 2025: Active hours — running MailBot cycle


Running mailbot at Sun Oct 12 12:52:04 CDT 2025
Sun Oct 12 12:52:04 CDT 2025: Active hours — running MailBot cycle


Running mailbot at Sun Oct 12 12:54:04 CDT 2025
Sun Oct 12 12:54:04 CDT 2025: Active hours — running MailBot cycle


Running mailbot at Sun Oct 12 12:56:04 CDT 2025
Sun Oct 12 12:56:04 CDT 2025: Active hours — running MailBot cycle


Running mailbot at Sun Oct 12 12:58:05 CDT 2025
Sun Oct 12 12:58:05 CDT 2025: Active hours — running MailBot cycle


Running mailbot at Sun Oct 12 13:00:05 CDT 2025
Sun Oct 12 13:00:05 CDT 2025: Active hours — running MailBot cycle


Running mailbot at Sun Oct 12 13:02:05 CDT 2025
Sun Oct 12 13:02:05 CDT 2025: Active hours — running MailBot cycle


Running mailbot at Sun Oct 12 13:04:05 CDT 2025
Sun Oct 12 13:04:05 CDT 2025: Active hours — running MailBot cycle


